{
  "RSpec": {
    "coverage": {
      "/Users/kamilmosciszko/Desktop/Ruby-Basics/OOP/task-2/films_imdb/app/helpers/application_helper.rb": {
        "lines": [
          null,
          null,
          1,
          null
        ]
      },
      "/Users/kamilmosciszko/Desktop/Ruby-Basics/OOP/task-2/films_imdb/app/helpers/movies_helper.rb": {
        "lines": [
          null,
          null,
          1,
          null
        ]
      },
      "/Users/kamilmosciszko/Desktop/Ruby-Basics/OOP/task-2/films_imdb/app/helpers/users_helper.rb": {
        "lines": [
          null,
          null,
          1,
          null
        ]
      },
      "/Users/kamilmosciszko/Desktop/Ruby-Basics/OOP/task-2/films_imdb/spec/contexts/movies/commands/delete_spec.rb": {
        "lines": [
          null,
          null,
          1,
          1,
          null,
          1,
          1,
          3,
          null,
          3,
          null,
          1,
          1,
          1,
          1,
          1,
          1,
          null,
          null,
          null,
          1,
          1,
          2,
          null,
          null,
          null,
          null
        ]
      },
      "/Users/kamilmosciszko/Desktop/Ruby-Basics/OOP/task-2/films_imdb/spec/contexts/movies/commands/update_spec.rb": {
        "lines": [
          null,
          null,
          1,
          1,
          null,
          1,
          1,
          3,
          null,
          3,
          3,
          null,
          1,
          1,
          1,
          1,
          null,
          null,
          null,
          1,
          1,
          1,
          null,
          2,
          null,
          null,
          null,
          null
        ]
      },
      "/Users/kamilmosciszko/Desktop/Ruby-Basics/OOP/task-2/films_imdb/spec/contexts/users/commands/create_spec.rb": {
        "lines": [
          null,
          null,
          1,
          1,
          null,
          1,
          1,
          2,
          null,
          2,
          null,
          1,
          null,
          1,
          null,
          null,
          null,
          null,
          null,
          null,
          null,
          1,
          1,
          1,
          1,
          null,
          null,
          null,
          null
        ]
      },
      "/Users/kamilmosciszko/Desktop/Ruby-Basics/OOP/task-2/films_imdb/spec/contexts/users/commands/delete_spec.rb": {
        "lines": [
          null,
          null,
          1,
          1,
          null,
          1,
          1,
          3,
          null,
          3,
          null,
          1,
          1,
          1,
          1,
          1,
          1,
          null,
          null,
          null,
          1,
          1,
          2,
          null,
          null,
          null,
          null
        ]
      },
      "/Users/kamilmosciszko/Desktop/Ruby-Basics/OOP/task-2/films_imdb/spec/contexts/users/commands/update_spec.rb": {
        "lines": [
          null,
          null,
          1,
          1,
          null,
          1,
          1,
          3,
          null,
          3,
          null,
          3,
          3,
          null,
          1,
          1,
          1,
          1,
          null,
          null,
          null,
          1,
          1,
          1,
          null,
          2,
          null,
          null,
          null,
          null
        ]
      },
      "/Users/kamilmosciszko/Desktop/Ruby-Basics/OOP/task-2/films_imdb/spec/requests/movies/delete_spec.rb": {
        "lines": [
          null,
          null,
          1,
          1,
          null,
          1,
          1,
          1,
          1,
          2,
          null,
          2,
          null,
          1,
          1,
          1,
          null,
          null,
          null,
          1,
          2,
          null,
          1,
          1,
          1,
          null,
          null,
          null,
          null,
          null,
          1,
          1,
          1,
          2,
          null,
          2,
          null,
          2,
          null,
          1,
          1,
          1,
          null,
          null,
          null,
          1,
          2,
          null,
          2,
          null,
          1,
          1,
          1,
          null,
          null,
          null,
          null,
          null
        ]
      },
      "/Users/kamilmosciszko/Desktop/Ruby-Basics/OOP/task-2/films_imdb/spec/requests/movies/get_spec.rb": {
        "lines": [
          null,
          null,
          1,
          1,
          null,
          1,
          1,
          1,
          1,
          2,
          null,
          1,
          1,
          1,
          1,
          null,
          null,
          null,
          1,
          1,
          1,
          1,
          1,
          null,
          null,
          null,
          null,
          null,
          1,
          1,
          1,
          2,
          null,
          2,
          null,
          1,
          1,
          1,
          null,
          null,
          null,
          1,
          2,
          null,
          1,
          1,
          1,
          null,
          null,
          null,
          null,
          null
        ]
      },
      "/Users/kamilmosciszko/Desktop/Ruby-Basics/OOP/task-2/films_imdb/spec/requests/movies/post_spec.rb": {
        "lines": [
          null,
          null,
          1,
          1,
          null,
          1,
          1,
          1,
          1,
          2,
          null,
          1,
          1,
          1,
          null,
          null,
          null,
          null,
          null,
          1,
          1,
          1,
          2,
          null,
          2,
          null,
          1,
          1,
          null,
          null,
          null,
          null,
          null
        ]
      },
      "/Users/kamilmosciszko/Desktop/Ruby-Basics/OOP/task-2/films_imdb/spec/requests/movies/put_spec.rb": {
        "lines": [
          null,
          null,
          1,
          1,
          null,
          1,
          1,
          1,
          1,
          2,
          null,
          2,
          null,
          1,
          1,
          1,
          null,
          null,
          null,
          1,
          2,
          null,
          1,
          1,
          1,
          1,
          null,
          null,
          null,
          null,
          null,
          1,
          1,
          1,
          2,
          null,
          2,
          null,
          2,
          null,
          1,
          1,
          1,
          null,
          null,
          null,
          1,
          2,
          null,
          2,
          null,
          1,
          1,
          1,
          null,
          null,
          null,
          null,
          null
        ]
      },
      "/Users/kamilmosciszko/Desktop/Ruby-Basics/OOP/task-2/films_imdb/spec/requests/users/delete_spec.rb": {
        "lines": [
          null,
          null,
          1,
          1,
          null,
          1,
          1,
          1,
          1,
          2,
          null,
          1,
          1,
          1,
          null,
          null,
          null,
          1,
          2,
          null,
          1,
          1,
          1,
          null,
          null,
          null,
          null,
          null,
          1,
          1,
          1,
          2,
          null,
          2,
          null,
          1,
          1,
          1,
          null,
          null,
          null,
          1,
          2,
          null,
          2,
          null,
          1,
          1,
          1,
          null,
          null,
          null,
          null,
          null
        ]
      },
      "/Users/kamilmosciszko/Desktop/Ruby-Basics/OOP/task-2/films_imdb/spec/requests/users/get_spec.rb": {
        "lines": [
          null,
          null,
          1,
          1,
          null,
          1,
          1,
          1,
          1,
          2,
          null,
          1,
          1,
          1,
          1,
          null,
          null,
          null,
          1,
          1,
          1,
          1,
          1,
          null,
          null,
          null,
          null,
          null,
          1,
          1,
          1,
          2,
          null,
          2,
          null,
          1,
          1,
          1,
          null,
          null,
          null,
          1,
          2,
          null,
          1,
          1,
          1,
          null,
          null,
          null,
          null,
          null
        ]
      },
      "/Users/kamilmosciszko/Desktop/Ruby-Basics/OOP/task-2/films_imdb/spec/requests/users/post_spec.rb": {
        "lines": [
          null,
          null,
          1,
          1,
          null,
          1,
          1,
          1,
          1,
          1,
          null,
          1,
          null,
          null,
          null,
          null,
          null,
          null,
          null,
          1,
          1,
          1,
          null,
          null,
          null,
          null,
          null,
          1,
          1,
          1,
          2,
          null,
          1,
          null,
          1,
          null,
          null,
          null,
          null,
          null,
          null,
          null,
          1,
          1,
          null,
          null,
          null,
          null,
          null
        ]
      },
      "/Users/kamilmosciszko/Desktop/Ruby-Basics/OOP/task-2/films_imdb/spec/requests/users/put_spec.rb": {
        "lines": [
          null,
          null,
          1,
          1,
          null,
          1,
          1,
          1,
          1,
          2,
          null,
          2,
          null,
          1,
          1,
          1,
          null,
          null,
          null,
          1,
          2,
          null,
          1,
          1,
          1,
          1,
          null,
          null,
          null,
          1,
          2,
          null,
          2,
          null,
          2,
          null,
          1,
          1,
          1,
          1,
          null,
          null,
          null,
          null,
          1,
          1,
          2,
          null,
          2,
          null,
          2,
          null,
          1,
          1,
          null,
          null,
          null,
          1,
          2,
          null,
          2,
          null,
          2,
          null,
          1,
          1,
          1,
          null,
          null,
          null,
          null,
          null
        ]
      },
      "/Users/kamilmosciszko/Desktop/Ruby-Basics/OOP/task-2/films_imdb/app/models/movie.rb": {
        "lines": [
          null,
          null,
          1,
          1,
          1,
          null
        ]
      },
      "/Users/kamilmosciszko/Desktop/Ruby-Basics/OOP/task-2/films_imdb/app/models/application_record.rb": {
        "lines": [
          null,
          null,
          1,
          1,
          null
        ]
      },
      "/Users/kamilmosciszko/Desktop/Ruby-Basics/OOP/task-2/films_imdb/app/models/user.rb": {
        "lines": [
          null,
          null,
          1,
          1,
          null,
          1,
          1,
          null
        ]
      },
      "/Users/kamilmosciszko/Desktop/Ruby-Basics/OOP/task-2/films_imdb/app/controllers/movies_controller.rb": {
        "lines": [
          null,
          null,
          1,
          1,
          null,
          null,
          1,
          4,
          4,
          6,
          6,
          null,
          null,
          null,
          null,
          1,
          null,
          null,
          1,
          0,
          null,
          null,
          null,
          1,
          null,
          null,
          1,
          2,
          2,
          3,
          3,
          null,
          0,
          0,
          0,
          null,
          null,
          null,
          null,
          1,
          4,
          4,
          3,
          3,
          null,
          2,
          3,
          3,
          null,
          null,
          null,
          null,
          1,
          4,
          4,
          3,
          3,
          null,
          2,
          3,
          3,
          null,
          null,
          null,
          1,
          null,
          null,
          1,
          8,
          null,
          null,
          null,
          1,
          6,
          null,
          null
        ]
      },
      "/Users/kamilmosciszko/Desktop/Ruby-Basics/OOP/task-2/films_imdb/app/controllers/application_controller.rb": {
        "lines": [
          null,
          null,
          1,
          1,
          null
        ]
      },
      "/Users/kamilmosciszko/Desktop/Ruby-Basics/OOP/task-2/films_imdb/app/controllers/users_controller.rb": {
        "lines": [
          null,
          null,
          1,
          1,
          null,
          null,
          1,
          4,
          4,
          6,
          6,
          null,
          0,
          0,
          0,
          null,
          null,
          null,
          null,
          1,
          null,
          null,
          1,
          0,
          null,
          null,
          null,
          1,
          null,
          null,
          1,
          2,
          2,
          3,
          3,
          null,
          0,
          0,
          0,
          null,
          null,
          null,
          null,
          1,
          5,
          5,
          3,
          3,
          null,
          3,
          4,
          5,
          null,
          null,
          null,
          null,
          1,
          4,
          4,
          3,
          3,
          null,
          2,
          3,
          3,
          null,
          null,
          null,
          1,
          null,
          null,
          1,
          9,
          null,
          null,
          null,
          1,
          7,
          null,
          null
        ]
      }
    },
    "timestamp": 1658422905
  }
}
